Build started 1/24/2014 9:15:12 AM.
     1>Project "F:\UET\semester 3\Object-Oriented Programming\12-EE-12, 12-EE-132\Windows Project\Windows Project.vcxproj" on node 2 (Build target(s)).
     1>ClCompile:
         C:\Program Files (x86)\Microsoft Visual Studio 12.0\VC\bin\CL.exe /c /ZI /nologo /W3 /WX- /Od /Oy- /D WIN32 /D _DEBUG /D _WINDOWS /D _MBCS /Gm /EHsc /RTC1 /MDd /GS /fp:precise /Zc:wchar_t /Zc:forScope /Fo"Debug\\" /Fd"Debug\vc120.pdb" /Gd /TP /analyze- /errorReport:prompt main.cpp
         main.cpp
     1>f:\uet\semester 3\object-oriented programming\12-ee-12, 12-ee-132\windows project\main.cpp(15): warning C4005: 'ERROR' : macro redefinition
                 c:\program files (x86)\windows kits\8.1\include\um\wingdi.h(114) : see previous definition of 'ERROR'
     1>f:\uet\semester 3\object-oriented programming\12-ee-12, 12-ee-132\windows project\main.cpp(200): warning C4996: 'strcat': This function or variable may be unsafe. Consider using strcat_s instead. To disable deprecation, use _CRT_SECURE_NO_WARNINGS. See online help for details.
                 c:\program files (x86)\microsoft visual studio 12.0\vc\include\string.h(118) : see declaration of 'strcat'
     1>f:\uet\semester 3\object-oriented programming\12-ee-12, 12-ee-132\windows project\main.cpp(488): warning C4101: 'buffer' : unreferenced local variable
     1>f:\uet\semester 3\object-oriented programming\12-ee-12, 12-ee-132\windows project\main.cpp(617): warning C4551: function call missing argument list
     1>f:\uet\semester 3\object-oriented programming\12-ee-12, 12-ee-132\windows project\main.cpp(738): warning C4996: 'strcat': This function or variable may be unsafe. Consider using strcat_s instead. To disable deprecation, use _CRT_SECURE_NO_WARNINGS. See online help for details.
                 c:\program files (x86)\microsoft visual studio 12.0\vc\include\string.h(118) : see declaration of 'strcat'
     1>f:\uet\semester 3\object-oriented programming\12-ee-12, 12-ee-132\windows project\main.cpp(745): warning C4551: function call missing argument list
     1>f:\uet\semester 3\object-oriented programming\12-ee-12, 12-ee-132\windows project\main.cpp(1013): warning C4996: 'strcat': This function or variable may be unsafe. Consider using strcat_s instead. To disable deprecation, use _CRT_SECURE_NO_WARNINGS. See online help for details.
                 c:\program files (x86)\microsoft visual studio 12.0\vc\include\string.h(118) : see declaration of 'strcat'
     1>f:\uet\semester 3\object-oriented programming\12-ee-12, 12-ee-132\windows project\main.cpp(1046): warning C4996: 'strcpy': This function or variable may be unsafe. Consider using strcpy_s instead. To disable deprecation, use _CRT_SECURE_NO_WARNINGS. See online help for details.
                 c:\program files (x86)\microsoft visual studio 12.0\vc\include\string.h(112) : see declaration of 'strcpy'
     1>f:\uet\semester 3\object-oriented programming\12-ee-12, 12-ee-132\windows project\main.cpp(1047): warning C4996: 'strcat': This function or variable may be unsafe. Consider using strcat_s instead. To disable deprecation, use _CRT_SECURE_NO_WARNINGS. See online help for details.
                 c:\program files (x86)\microsoft visual studio 12.0\vc\include\string.h(118) : see declaration of 'strcat'
     1>f:\uet\semester 3\object-oriented programming\12-ee-12, 12-ee-132\windows project\main.cpp(999): warning C4101: 'i' : unreferenced local variable
     1>f:\uet\semester 3\object-oriented programming\12-ee-12, 12-ee-132\windows project\main.cpp(1044): warning C4101: 'temp' : unreferenced local variable
       Link:
         C:\Program Files (x86)\Microsoft Visual Studio 12.0\VC\bin\link.exe /ERRORREPORT:PROMPT /OUT:"F:\UET\semester 3\Object-Oriented Programming\12-EE-12, 12-EE-132\Debug\Windows Project.exe" /INCREMENTAL /NOLOGO kernel32.lib user32.lib gdi32.lib winspool.lib comdlg32.lib advapi32.lib shell32.lib ole32.lib oleaut32.lib uuid.lib odbc32.lib odbccp32.lib /MANIFEST /MANIFESTUAC:"level='asInvoker' uiAccess='false'" /manifest:embed /DEBUG /PDB:"F:\UET\semester 3\Object-Oriented Programming\12-EE-12, 12-EE-132\Debug\Windows Project.pdb" /SUBSYSTEM:WINDOWS /TLBID:1 /DYNAMICBASE /NXCOMPAT /IMPLIB:"F:\UET\semester 3\Object-Oriented Programming\12-EE-12, 12-EE-132\Debug\Windows Project.lib" /MACHINE:X86 Debug\main.obj
     1>LINK : fatal error LNK1168: cannot open F:\UET\semester 3\Object-Oriented Programming\12-EE-12, 12-EE-132\Debug\Windows Project.exe for writing
     1>Done Building Project "F:\UET\semester 3\Object-Oriented Programming\12-EE-12, 12-EE-132\Windows Project\Windows Project.vcxproj" (Build target(s)) -- FAILED.

Build FAILED.

Time Elapsed 00:00:04.96
